Log file open, 05/10/17 01:06:24
LogInit:Display: Running engine for game: Shopito
LogPlatformFile: Not using cached read wrapper
LogInit:Display: RandInit(-2105600458) SRandInit(-2105600458).
LogTaskGraph: Started task graph with 5 named threads and 8 total threads with 1 sets of task threads.
LogStats: Stats thread started at 0.087336
LogInit: Using libcurl 7.47.1
LogInit:  - built for x86_64-pc-win32
LogInit:  - supports SSL with OpenSSL/1.0.2g
LogInit:  - supports HTTP deflate (compression) using libz 1.2.8
LogInit:  - other features:
LogInit:      CURL_VERSION_SSL
LogInit:      CURL_VERSION_LIBZ
LogInit:      CURL_VERSION_IPV6
LogInit:      CURL_VERSION_ASYNCHDNS
LogInit:      CURL_VERSION_LARGEFILE
LogInit:      CURL_VERSION_IDN
LogInit:  CurlRequestOptions (configurable via config and command line):
LogInit:  - bVerifyPeer = false  - Libcurl will NOT verify peer certificate
LogInit:  - bUseHttpProxy = false  - Libcurl will NOT use HTTP proxy
LogInit:  - bDontReuseConnections = false  - Libcurl will reuse connections
LogInit:  - CertBundlePath = nullptr  - Libcurl will use whatever was configured at build time.
LogHMD: Can't find Oculus library dev build: is proper Runtime installed? Version: 1.10.0
LogInit: Build: ++UE4+Release-4.15-CL-3299760
LogInit: Engine Version: 4.15.0-3299760+++UE4+Release-4.15
LogInit: Compatible Engine Version: 4.15.0-3299760+++UE4+Release-4.15
LogInit: Net CL: 3299760
LogDevObjectVersion: Number of dev versions registered: 14
LogDevObjectVersion:   Dev-Blueprints (B0D832E4-1F89-4F0D-ACCF-7EB736FD4AA2): 8
LogDevObjectVersion:   Dev-Build (E1C64328-A22C-4D53-A36C-8E866417BD8C): 0
LogDevObjectVersion:   Dev-Core (375EC13C-06E4-48FB-B500-84F0262A717E): 2
LogDevObjectVersion:   Dev-Editor (E4B068ED-F494-42E9-A231-DA0B2E46BB41): 14
LogDevObjectVersion:   Dev-Framework (CFFC743F-43B0-4480-9391-14DF171D2073): 22
LogDevObjectVersion:   Dev-Mobile (B02B49B5-BB20-44E9-A304-32B752E40360): 0
LogDevObjectVersion:   Dev-Networking (A4E4105C-59A1-49B5-A7C5-40C4547EDFEE): 0
LogDevObjectVersion:   Dev-Online (39C831C9-5AE6-47DC-9A44-9C173E1C8E7C): 0
LogDevObjectVersion:   Dev-Physics (78F01B33-EBEA-4F98-B9B4-84EACCB95AA2): 0
LogDevObjectVersion:   Dev-Platform (6631380F-2D4D-43E0-8009-CF276956A95A): 0
LogDevObjectVersion:   Dev-Rendering (12F88B9F-8875-4AFC-A67C-D90C383ABD29): 12
LogDevObjectVersion:   Dev-Sequencer (7B5AE74C-D270-4C10-A958-57980B212A5A): 3
LogDevObjectVersion:   Dev-VR (D7296918-1DD6-4BDD-9DE2-64A83CC13884): 0
LogDevObjectVersion:   Dev-LoadTimes (C2A15278-BFE7-4AFE-6C17-90FF531DF755): 1
LogInit: Compiled (64-bit): Feb 14 2017 02:04:14
LogInit: Compiled with Visual C++: 19.00.23026.00
LogInit: Build Configuration: Development
LogInit: Branch Name: ++UE4+Release-4.15
LogInit: Command line:  
LogInit: Base directory: C:/Program Files (x86)/Epic Games/UE_4.15/Engine/Binaries/Win64/
LogInit: Installed Engine Build: 1
LogInit: Presizing for max 8388607 objects, including 0 objects not considered by GC, pre-allocating 0 bytes for permanent pool.
LogInit: Object subsystem initialized
[2017.05.10-06.06.25:497][  0]LogInit: Selected Device Profile: [Windows]
[2017.05.10-06.06.25:497][  0]LogInit: Applying CVar settings loaded from the selected device profile: [Windows]
[2017.05.10-06.06.25:606][  0]LogInit: Computer: LIRAANDRES
[2017.05.10-06.06.25:606][  0]LogInit: User: Andres
[2017.05.10-06.06.25:606][  0]LogInit: CPU Page size=65536, Cores=4
[2017.05.10-06.06.25:606][  0]LogInit: High frequency timer resolution =2.338350 MHz
[2017.05.10-06.06.25:606][  0]LogMemory: Memory total: Physical=15.9GB (16GB approx)
[2017.05.10-06.06.25:606][  0]LogMemory: Platform Memory Stats for Windows
[2017.05.10-06.06.25:606][  0]LogMemory: Process Physical Memory: 262.73 MB used, 262.73 MB peak
[2017.05.10-06.06.25:606][  0]LogMemory: Process Virtual Memory: 262.45 MB used, 262.45 MB peak
[2017.05.10-06.06.25:606][  0]LogMemory: Physical Memory: 8229.64 MB used,  8066.63 MB free, 16296.27 MB total
[2017.05.10-06.06.25:606][  0]LogMemory: Virtual Memory: 644.43 MB used,  8066.63 MB free, 134217728.00 MB total
[2017.05.10-06.06.25:908][  0]LogTextLocalizationManager: No specific translations for ('es-MX') exist, so ('es') translations will be used.
[2017.05.10-06.06.32:519][  0]LogD3D11RHI: D3D11 adapters:
[2017.05.10-06.06.32:655][  0]LogD3D11RHI:    0. 'NVIDIA GeForce GT 755M' (Feature Level 11_0)
[2017.05.10-06.06.32:655][  0]LogD3D11RHI:       2020/0/8148 MB DedicatedVideo/DedicatedSystem/SharedSystem, Outputs:2, VendorId:0x10de
[2017.05.10-06.06.32:662][  0]LogD3D11RHI:    1. 'Intel(R) HD Graphics 4600' (Feature Level 11_0)
[2017.05.10-06.06.32:662][  0]LogD3D11RHI:       112/0/2048 MB DedicatedVideo/DedicatedSystem/SharedSystem, Outputs:0, VendorId:0x8086
[2017.05.10-06.06.32:663][  0]LogD3D11RHI:    2. 'Microsoft Basic Render Driver' (Feature Level 11_0)
[2017.05.10-06.06.32:663][  0]LogD3D11RHI:       0/0/8148 MB DedicatedVideo/DedicatedSystem/SharedSystem, Outputs:0, VendorId:0x1414
[2017.05.10-06.06.32:663][  0]LogD3D11RHI: Chosen D3D11 Adapter: 0
[2017.05.10-06.06.32:672][  0]LogD3D11RHI: Creating new Direct3DDevice
[2017.05.10-06.06.32:672][  0]LogD3D11RHI:     GPU DeviceId: 0xfcd (for the marketing name, search the web for "GPU Device Id")
[2017.05.10-06.06.32:672][  0]LogWindows: EnumDisplayDevices:
[2017.05.10-06.06.32:672][  0]LogWindows:    0. 'Intel(R) HD Graphics 4600' (P:0 D:1)
[2017.05.10-06.06.32:673][  0]LogWindows:    1. 'Intel(R) HD Graphics 4600' (P:1 D:1)
[2017.05.10-06.06.32:673][  0]LogWindows:    2. 'Intel(R) HD Graphics 4600' (P:0 D:0)
[2017.05.10-06.06.32:673][  0]LogWindows: DebugString: PrimaryIsNotTheChoosenAdapter PrimaryIsNotTheChoosenAdapter PrimaryIsNotTheChoosenAdapter FoundDriverCount:0 
[2017.05.10-06.06.32:673][  0]LogD3D11RHI:     Adapter Name: NVIDIA GeForce GT 755M
[2017.05.10-06.06.32:673][  0]LogD3D11RHI:   Driver Version: Unknown (internal:Unknown, unified:Unknown)
[2017.05.10-06.06.32:673][  0]LogD3D11RHI:      Driver Date: Unknown
[2017.05.10-06.06.32:673][  0]LogRHI: Texture pool is 1361 MB (70% of 1945 MB)
[2017.05.10-06.06.32:703][  0]LogD3D11RHI:Warning: Timestamp queries are currently disabled on this hardware due to instability. Realtime GPU stats will not be available. You can override this behaviour by setting r.NVIDIATimestampWorkaround to 0
[2017.05.10-06.06.32:703][  0]LogD3D11RHI: Async texture creation enabled
[2017.05.10-06.06.32:721][  0]LogD3D11RHI: GPU Timing Frequency: 1000.000000 (Debug: 2 2)
[2017.05.10-06.06.32:722][  0]LogShaderCompilers: Guid format shader working directory is -16 characters bigger than the processId version (../../../../../../Users/Andres/Documents/vj2p/UnrealVJ2/Shopito/Intermediate/Shaders/WorkingDirectory/6952/).
[2017.05.10-06.06.32:722][  0]LogShaderCompilers: Cleaned the shader compiler working directory 'C:/Users/Andres/AppData/Local/Temp/UnrealShaderWorkingDir/2E10DA7547F4FB02F1B302BFF52CAEC5/'.
[2017.05.10-06.06.32:722][  0]LogShaderCompilers:Display: Using Local Shader Compiler.
[2017.05.10-06.06.38:975][  0]LogTemp:Display: Loaded TP AllDesktopTargetPlatform
[2017.05.10-06.06.39:047][  0]LogTemp:Display: Loaded TP MacClientTargetPlatform
[2017.05.10-06.06.39:120][  0]LogTemp:Display: Loaded TP MacNoEditorTargetPlatform
[2017.05.10-06.06.39:192][  0]LogTemp:Display: Loaded TP MacServerTargetPlatform
[2017.05.10-06.06.39:294][  0]LogTemp:Display: Loaded TP MacTargetPlatform
[2017.05.10-06.06.39:366][  0]LogTemp:Display: Loaded TP WindowsClientTargetPlatform
[2017.05.10-06.06.39:444][  0]LogTemp:Display: Loaded TP WindowsNoEditorTargetPlatform
[2017.05.10-06.06.39:517][  0]LogTemp:Display: Loaded TP WindowsServerTargetPlatform
[2017.05.10-06.06.39:576][  0]LogTemp:Display: Loaded TP WindowsTargetPlatform
[2017.05.10-06.06.39:673][  0]LogTemp:Display: Loaded TP AndroidTargetPlatform
[2017.05.10-06.06.39:744][  0]LogTemp:Display: Loaded TP Android_ASTCTargetPlatform
[2017.05.10-06.06.39:815][  0]LogTemp:Display: Loaded TP Android_ATCTargetPlatform
[2017.05.10-06.06.39:885][  0]LogTemp:Display: Loaded TP Android_DXTTargetPlatform
[2017.05.10-06.06.39:956][  0]LogTemp:Display: Loaded TP Android_ETC1TargetPlatform
[2017.05.10-06.06.40:028][  0]LogTemp:Display: Loaded TP Android_ETC2TargetPlatform
[2017.05.10-06.06.40:170][  0]LogTemp:Display: Loaded TP Android_MultiTargetPlatform
[2017.05.10-06.06.40:170][  0]LogTemp:Display: Loaded TP Android_PVRTCTargetPlatform
[2017.05.10-06.06.40:220][  0]LogTemp:Display: Loaded TP HTML5TargetPlatform
[2017.05.10-06.06.40:371][  0]LogTemp:Display: Loaded TP IOSTargetPlatform
[2017.05.10-06.06.40:424][  0]LogTemp:Display: Loaded TP TVOSTargetPlatform
[2017.05.10-06.06.40:494][  0]LogTemp:Display: Loaded TP LinuxClientTargetPlatform
[2017.05.10-06.06.40:566][  0]LogTemp:Display: Loaded TP LinuxNoEditorTargetPlatform
[2017.05.10-06.06.40:636][  0]LogTemp:Display: Loaded TP LinuxServerTargetPlatform
[2017.05.10-06.06.40:736][  0]LogTemp:Display: Loaded TP LinuxTargetPlatform
[2017.05.10-06.06.40:736][  0]LogTargetPlatformManager:Display: Building Assets For Windows
[2017.05.10-06.06.41:304][  0]LogDerivedDataCache:Display: Max Cache Size: 512 MB
[2017.05.10-06.06.42:064][  0]LogDerivedDataCache: Loaded boot cache 0.76s 50MB C:/Users/Andres/AppData/Local/UnrealEngine/4.15/DerivedDataCache/Boot.ddc.
[2017.05.10-06.06.42:064][  0]LogDerivedDataCache:Display: Loaded Boot cache: C:/Users/Andres/AppData/Local/UnrealEngine/4.15/DerivedDataCache/Boot.ddc
[2017.05.10-06.06.42:065][  0]LogDerivedDataCache: FDerivedDataBackendGraph:  Pak pak cache file ../../../../../../Users/Andres/Documents/vj2p/UnrealVJ2/Shopito/DerivedDataCache/DDC.ddp not found, will not use a pak cache.
[2017.05.10-06.06.42:065][  0]LogDerivedDataCache: Unable to find inner node Pak for hierarchical cache Hierarchy.
[2017.05.10-06.06.42:065][  0]LogDerivedDataCache: FDerivedDataBackendGraph:  CompressedPak pak cache file ../../../../../../Users/Andres/Documents/vj2p/UnrealVJ2/Shopito/DerivedDataCache/Compressed.ddp not found, will not use a pak cache.
[2017.05.10-06.06.42:065][  0]LogDerivedDataCache: Unable to find inner node CompressedPak for hierarchical cache Hierarchy.
[2017.05.10-06.06.42:089][  0]LogDerivedDataCache:Display: Pak cache opened for reading ../../../Engine/DerivedDataCache/Compressed.ddp.
[2017.05.10-06.06.42:102][  0]LogDerivedDataCache: Using Local data cache path C:/Users/Andres/AppData/Local/UnrealEngine/Common/DerivedDataCache: Writable
[2017.05.10-06.06.42:113][  0]LogSlate: Using Freetype 2.6.0
[2017.05.10-06.06.42:160][  0]LogSlate: SlateFontCache - WITH_FREETYPE: 1, WITH_HARFBUZZ: 1
[2017.05.10-06.06.42:160][  0]LogSlate: SlateFontCache - WITH_FREETYPE: 1, WITH_HARFBUZZ: 1
[2017.05.10-06.06.44:329][  0]LogInit: Selected Device Profile: [Windows]
[2017.05.10-06.06.44:332][  0]LogContentStreaming: Texture pool size is 0.00 MB
[2017.05.10-06.06.44:625][  0]LogMeshUtilities: Using QuadricMeshReduction for automatic static mesh reduction
[2017.05.10-06.06.44:683][  0]LogSimplygon: Simplygon DLL not present - disabling.
[2017.05.10-06.06.44:746][  0]LogMeshUtilities: Using SimplygonSwarm for distributed automatic mesh merging
[2017.05.10-06.06.44:746][  0]LogMeshUtilities: No automatic skeletal mesh reduction module available
[2017.05.10-06.06.44:746][  0]LogMeshUtilities: No automatic mesh merging module available
[2017.05.10-06.06.45:543][  0]LogNetVersion: GetLocalNetworkVersion: CL: 3299760, ProjectName: shopito, ProjectVersion: , EngineNetworkVersion: 2, GameNetworkVersion: 0, NetworkChecksum: 1322379943
[2017.05.10-06.06.45:598][  0]LogAssetRegistry: FAssetRegistry took 0.0226 seconds to start up
[2017.05.10-06.06.45:664][  0]LogPackageLocalizationCache: Processed 3 localized package path(s) for 2 prioritized culture(s) in 0.037460 seconds
[2017.05.10-06.06.45:670][  0]LogUObjectArray: 32475 objects as part of root set at end of initial load.
[2017.05.10-06.06.45:670][  0]LogUObjectAllocator: 7073360 out of 0 bytes used by permanent object pool.
[2017.05.10-06.06.45:670][  0]LogUObjectArray: CloseDisregardForGC: 0/0 objects in disregard for GC pool
[2017.05.10-06.06.45:754][  0]LogInit: WinSock: version 1.1 (2.2), MaxSocks=32767, MaxUdp=65467
[2017.05.10-06.07.10:146][  0]LogTcpMessaging: Initializing TcpMessaging bridge
[2017.05.10-06.07.10:197][  0]LogUdpMessaging: Initializing bridge on interface 0.0.0.0:0 to multicast group 230.0.0.1:6666.
[2017.05.10-06.07.11:259][  0]LogMaterial: Uniform references updated for custom material expression Custom.
[2017.05.10-06.07.11:806][  0]SourceControl: Información El control de código fuente está desactivado
[2017.05.10-06.07.11:846][  0]SourceControl: Información El control de código fuente está desactivado
[2017.05.10-06.07.11:907][  0]SourceControl: Información El control de código fuente está desactivado
[2017.05.10-06.07.11:968][  0]SourceControl: Información El control de código fuente está desactivado
[2017.05.10-06.07.13:888][  0]LogEngine: Initializing Engine...
[2017.05.10-06.07.14:097][  0]LogHMD: Failed to initialize OpenVR with code 108
[2017.05.10-06.07.14:402][  0]LogAIModule: Creating AISystem for world Untitled
[2017.05.10-06.07.14:416][  0]LogInit: XAudio2 using 'Altavoces (Logitech Wireless Headset)' : 2 channels at 48 kHz using 16 bits per sample (channel mask 0x3)
[2017.05.10-06.07.14:431][  0]LogInit: FAudioDevice initialized.
[2017.05.10-06.07.14:508][  0]LogDerivedDataCache: Saved boot cache 0.08s 50MB C:/Users/Andres/AppData/Local/UnrealEngine/4.15/DerivedDataCache/Boot.ddc.
[2017.05.10-06.07.14:515][  0]LogInit: Texture streaming: Enabled
[2017.05.10-06.07.14:634][  0]LogEngineSessionManager: EngineSessionManager initialized
[2017.05.10-06.07.14:752][  0]LogInit: Transaction tracking system initialized
[2017.05.10-06.07.15:190][  0]BlueprintLog: New page: Cargar el editor
[2017.05.10-06.07.16:395][  0]LocalizationService: Información Localization service is disabled
[2017.05.10-06.07.17:377][  0]LogConsoleResponse:Display: 
[2017.05.10-06.07.17:549][  0]LogCook:Display: Max memory allowance for cook 16384mb min free memory 0mb
[2017.05.10-06.07.17:549][  0]LogCook:Display: Mobile HDR setting 1
[2017.05.10-06.07.18:496][  0]LogFileCache: Scanning file cache for directory 'C:/Users/Andres/Documents/vj2p/UnrealVJ2/Shopito/Content/' took 0.02s
[2017.05.10-06.07.19:426][  0]SourceControl: Información El control de código fuente está desactivado
[2017.05.10-06.07.19:427][  0]Cmd: MAP LOAD FILE="../../../../../../Users/Andres/Documents/vj2p/UnrealVJ2/Shopito/Content/StarterContent/Maps/Minimal_Default.umap" TEMPLATE=0 SHOWPROGRESS=1 FEATURELEVEL=3
[2017.05.10-06.07.19:466][  0]LightingResults: New page: Diseñar la iluminación
[2017.05.10-06.07.19:521][  0]MapCheck: New page: Revisión del mapa
[2017.05.10-06.07.19:522][  0]LightingResults: New page: Diseñar la iluminación
[2017.05.10-06.07.20:562][  0]LogAIModule: Creating AISystem for world Minimal_Default
[2017.05.10-06.07.20:570][  0]LogEditorServer: Finished looking for orphan Actors (0.000 secs)
[2017.05.10-06.07.20:571][  0]Cmd: MAP CHECKDEP NOCLEARLOG
[2017.05.10-06.07.20:628][  0]MapCheck: Información Map check complete: 0 Error(s), 0 Warning(s), took 57.256ms to complete.
[2017.05.10-06.07.20:628][  0]LogFileHelpers: Loading map 'Minimal_Default' took 1.202
[2017.05.10-06.07.20:977][  0]LogCollectionManager: Loaded 0 collections in 0.002269 seconds
[2017.05.10-06.07.21:071][  0]LogFileCache: Scanning file cache for directory 'C:/Users/Andres/Documents/vj2p/UnrealVJ2/Shopito/Saved/Collections/' took 0.01s
[2017.05.10-06.07.21:071][  0]LogFileCache: Scanning file cache for directory 'C:/Users/Andres/Documents/vj2p/UnrealVJ2/Shopito/Content/Developers/Andres/Collections/' took 0.01s
[2017.05.10-06.07.21:071][  0]LogFileCache: Scanning file cache for directory 'C:/Users/Andres/Documents/vj2p/UnrealVJ2/Shopito/Content/Collections/' took 0.01s
[2017.05.10-06.07.21:071][  0]LogCollectionManager: Rebuilt the GUID cache for 0 collections in 0.000002 seconds
[2017.05.10-06.07.21:083][  0]LogContentBrowser: Native class hierarchy populated in 0.0121 seconds. Added 2244 classes and 450 folders.
[2017.05.10-06.07.21:087][  0]LogStats: UGameplayTagsManager::ConstructGameplayTagTree: Construct from data asset -  0.000 s
[2017.05.10-06.07.21:087][  0]LogStats: UGameplayTagsManager::ConstructGameplayTagTree: GameplayTagTreeChangedEvent.Broadcast -  0.000 s
[2017.05.10-06.07.21:165][  0]LogContentBrowser: Native class hierarchy updated for 'WidgetCarousel' in 0.0007 seconds. Added 0 classes and 0 folders.
[2017.05.10-06.07.22:151][  0]LogContentBrowser: Native class hierarchy updated for 'AddContentDialog' in 0.0007 seconds. Added 0 classes and 0 folders.
[2017.05.10-06.07.22:208][  0]LogContentBrowser: Native class hierarchy updated for 'SceneOutliner' in 0.0007 seconds. Added 1 classes and 2 folders.
[2017.05.10-06.07.22:315][  0]LogCrashTracker: Crashtracker disabled due to settings.
[2017.05.10-06.07.22:326][  0]LogUObjectGlobals:Warning: Error al encontrar el objeto 'Class Ninguno.'
[2017.05.10-06.07.22:406][  0]LogContentBrowser: Native class hierarchy updated for 'HierarchicalLODOutliner' in 0.0008 seconds. Added 1 classes and 2 folders.
[2017.05.10-06.07.22:407][  0]LogLoad: (Engine Initialization) Total time: 60.31 seconds
[2017.05.10-06.07.22:407][  0]LogLoad: (Engine Initialization) Total Blueprint compile time: 0.22 seconds
[2017.05.10-06.07.22:407][  0]LogExternalProfiler: Found external profiler: VSPerf
[2017.05.10-06.07.22:407][  0]LogExternalProfiler: Using external profiler: VSPerf
[2017.05.10-06.07.22:428][  0]LogOcInput: OculusInput pre-init called
[2017.05.10-06.07.22:430][  0]LogOcInput: Can't find Oculus library dev build: is proper Runtime installed? Version: 1.10.0
[2017.05.10-06.07.22:453][  0]LogContentStreaming: Texture pool size now 800 MB
[2017.05.10-06.07.22:454][  0]LogSlate: Took 0.000234 seconds to synchronously load lazily loaded font '../../../Engine/Content/Slate/Fonts/Roboto-Regular.ttf' (155K)
[2017.05.10-06.07.22:459][  0]LogSlate: Took 0.000240 seconds to synchronously load lazily loaded font '../../../Engine/Content/Slate/Fonts/Roboto-Bold.ttf' (160K)
[2017.05.10-06.07.22:489][  0]LogSlate: Took 0.022297 seconds to synchronously load lazily loaded font '../../../Engine/Content/Editor/Slate/Fonts/FontAwesome.ttf' (139K)
[2017.05.10-06.07.22:649][  0]LogSlate: Took 0.000270 seconds to synchronously load lazily loaded font '../../../Engine/Content/Slate/Fonts/Roboto-Light.ttf' (159K)
[2017.05.10-06.07.22:720][  0]LogRenderer: Reallocating scene render targets to support 1200x636 NumSamples 1 (Frame:2).
[2017.05.10-06.07.22:827][  1]LogAssetRegistry: Asset discovery search completed in 37.2514 seconds
[2017.05.10-06.07.22:827][  1]LogCollectionManager: Rebuilt the object cache for 0 collections in 0.000006 seconds (found 0 objects)
[2017.05.10-06.07.22:827][  1]LogCollectionManager: Fixed up redirectors for 0 collections in 0.000026 seconds (updated 0 objects)
