Log file open, 05/10/17 00:41:21
LogInit:Display: Running engine for game: Shopito
LogPlatformFile: Not using cached read wrapper
LogInit:Display: RandInit(-1324115134) SRandInit(-1324115134).
LogTaskGraph: Started task graph with 5 named threads and 8 total threads with 1 sets of task threads.
LogStats: Stats thread started at 0.088420
LogInit: Using libcurl 7.47.1
LogInit:  - built for x86_64-pc-win32
LogInit:  - supports SSL with OpenSSL/1.0.2g
LogInit:  - supports HTTP deflate (compression) using libz 1.2.8
LogInit:  - other features:
LogInit:      CURL_VERSION_SSL
LogInit:      CURL_VERSION_LIBZ
LogInit:      CURL_VERSION_IPV6
LogInit:      CURL_VERSION_ASYNCHDNS
LogInit:      CURL_VERSION_LARGEFILE
LogInit:      CURL_VERSION_IDN
LogInit:  CurlRequestOptions (configurable via config and command line):
LogInit:  - bVerifyPeer = false  - Libcurl will NOT verify peer certificate
LogInit:  - bUseHttpProxy = false  - Libcurl will NOT use HTTP proxy
LogInit:  - bDontReuseConnections = false  - Libcurl will reuse connections
LogInit:  - CertBundlePath = nullptr  - Libcurl will use whatever was configured at build time.
LogHMD: Can't find Oculus library dev build: is proper Runtime installed? Version: 1.10.0
LogInit: Build: ++UE4+Release-4.15-CL-3299760
LogInit: Engine Version: 4.15.0-3299760+++UE4+Release-4.15
LogInit: Compatible Engine Version: 4.15.0-3299760+++UE4+Release-4.15
LogInit: Net CL: 3299760
LogDevObjectVersion: Number of dev versions registered: 14
LogDevObjectVersion:   Dev-Blueprints (B0D832E4-1F89-4F0D-ACCF-7EB736FD4AA2): 8
LogDevObjectVersion:   Dev-Build (E1C64328-A22C-4D53-A36C-8E866417BD8C): 0
LogDevObjectVersion:   Dev-Core (375EC13C-06E4-48FB-B500-84F0262A717E): 2
LogDevObjectVersion:   Dev-Editor (E4B068ED-F494-42E9-A231-DA0B2E46BB41): 14
LogDevObjectVersion:   Dev-Framework (CFFC743F-43B0-4480-9391-14DF171D2073): 22
LogDevObjectVersion:   Dev-Mobile (B02B49B5-BB20-44E9-A304-32B752E40360): 0
LogDevObjectVersion:   Dev-Networking (A4E4105C-59A1-49B5-A7C5-40C4547EDFEE): 0
LogDevObjectVersion:   Dev-Online (39C831C9-5AE6-47DC-9A44-9C173E1C8E7C): 0
LogDevObjectVersion:   Dev-Physics (78F01B33-EBEA-4F98-B9B4-84EACCB95AA2): 0
LogDevObjectVersion:   Dev-Platform (6631380F-2D4D-43E0-8009-CF276956A95A): 0
LogDevObjectVersion:   Dev-Rendering (12F88B9F-8875-4AFC-A67C-D90C383ABD29): 12
LogDevObjectVersion:   Dev-Sequencer (7B5AE74C-D270-4C10-A958-57980B212A5A): 3
LogDevObjectVersion:   Dev-VR (D7296918-1DD6-4BDD-9DE2-64A83CC13884): 0
LogDevObjectVersion:   Dev-LoadTimes (C2A15278-BFE7-4AFE-6C17-90FF531DF755): 1
LogInit: Compiled (64-bit): Feb 14 2017 02:04:14
LogInit: Compiled with Visual C++: 19.00.23026.00
LogInit: Build Configuration: Development
LogInit: Branch Name: ++UE4+Release-4.15
LogInit: Command line:  
LogInit: Base directory: C:/Program Files (x86)/Epic Games/UE_4.15/Engine/Binaries/Win64/
LogInit: Installed Engine Build: 1
LogInit: Presizing for max 8388607 objects, including 0 objects not considered by GC, pre-allocating 0 bytes for permanent pool.
LogInit: Object subsystem initialized
[2017.05.10-05.41.22:527][  0]LogInit: Selected Device Profile: [Windows]
[2017.05.10-05.41.22:527][  0]LogInit: Applying CVar settings loaded from the selected device profile: [Windows]
[2017.05.10-05.41.22:562][  0]LogInit: Computer: LIRAANDRES
[2017.05.10-05.41.22:562][  0]LogInit: User: Andres
[2017.05.10-05.41.22:562][  0]LogInit: CPU Page size=65536, Cores=4
[2017.05.10-05.41.22:562][  0]LogInit: High frequency timer resolution =2.338350 MHz
[2017.05.10-05.41.22:563][  0]LogMemory: Memory total: Physical=15.9GB (16GB approx)
[2017.05.10-05.41.22:563][  0]LogMemory: Platform Memory Stats for Windows
[2017.05.10-05.41.22:563][  0]LogMemory: Process Physical Memory: 262.75 MB used, 262.75 MB peak
[2017.05.10-05.41.22:563][  0]LogMemory: Process Virtual Memory: 262.53 MB used, 262.53 MB peak
[2017.05.10-05.41.22:563][  0]LogMemory: Physical Memory: 7997.38 MB used,  8298.90 MB free, 16296.27 MB total
[2017.05.10-05.41.22:563][  0]LogMemory: Virtual Memory: 644.43 MB used,  8298.90 MB free, 134217728.00 MB total
[2017.05.10-05.41.22:683][  0]LogTextLocalizationManager: No specific translations for ('es-MX') exist, so ('es') translations will be used.
[2017.05.10-05.41.29:338][  0]LogD3D11RHI: D3D11 adapters:
[2017.05.10-05.41.29:396][  0]LogD3D11RHI:    0. 'NVIDIA GeForce GT 755M' (Feature Level 11_0)
[2017.05.10-05.41.29:396][  0]LogD3D11RHI:       2020/0/8148 MB DedicatedVideo/DedicatedSystem/SharedSystem, Outputs:2, VendorId:0x10de
[2017.05.10-05.41.29:402][  0]LogD3D11RHI:    1. 'Intel(R) HD Graphics 4600' (Feature Level 11_0)
[2017.05.10-05.41.29:402][  0]LogD3D11RHI:       112/0/2048 MB DedicatedVideo/DedicatedSystem/SharedSystem, Outputs:0, VendorId:0x8086
[2017.05.10-05.41.29:403][  0]LogD3D11RHI:    2. 'Microsoft Basic Render Driver' (Feature Level 11_0)
[2017.05.10-05.41.29:403][  0]LogD3D11RHI:       0/0/8148 MB DedicatedVideo/DedicatedSystem/SharedSystem, Outputs:0, VendorId:0x1414
[2017.05.10-05.41.29:403][  0]LogD3D11RHI: Chosen D3D11 Adapter: 0
[2017.05.10-05.41.29:412][  0]LogD3D11RHI: Creating new Direct3DDevice
[2017.05.10-05.41.29:412][  0]LogD3D11RHI:     GPU DeviceId: 0xfcd (for the marketing name, search the web for "GPU Device Id")
[2017.05.10-05.41.29:412][  0]LogWindows: EnumDisplayDevices:
[2017.05.10-05.41.29:412][  0]LogWindows:    0. 'Intel(R) HD Graphics 4600' (P:0 D:1)
[2017.05.10-05.41.29:412][  0]LogWindows:    1. 'Intel(R) HD Graphics 4600' (P:1 D:1)
[2017.05.10-05.41.29:412][  0]LogWindows:    2. 'Intel(R) HD Graphics 4600' (P:0 D:0)
[2017.05.10-05.41.29:413][  0]LogWindows: DebugString: PrimaryIsNotTheChoosenAdapter PrimaryIsNotTheChoosenAdapter PrimaryIsNotTheChoosenAdapter FoundDriverCount:0 
[2017.05.10-05.41.29:413][  0]LogD3D11RHI:     Adapter Name: NVIDIA GeForce GT 755M
[2017.05.10-05.41.29:413][  0]LogD3D11RHI:   Driver Version: Unknown (internal:Unknown, unified:Unknown)
[2017.05.10-05.41.29:413][  0]LogD3D11RHI:      Driver Date: Unknown
[2017.05.10-05.41.29:413][  0]LogRHI: Texture pool is 1361 MB (70% of 1945 MB)
[2017.05.10-05.41.29:444][  0]LogD3D11RHI:Warning: Timestamp queries are currently disabled on this hardware due to instability. Realtime GPU stats will not be available. You can override this behaviour by setting r.NVIDIATimestampWorkaround to 0
[2017.05.10-05.41.29:445][  0]LogD3D11RHI: Async texture creation enabled
[2017.05.10-05.41.29:462][  0]LogD3D11RHI: GPU Timing Frequency: 1000.000000 (Debug: 2 2)
[2017.05.10-05.41.29:463][  0]LogShaderCompilers: Guid format shader working directory is -6 characters bigger than the processId version (../../../../../../Users/Andres/Documents/vj2p/Shopito/Intermediate/Shaders/WorkingDirectory/7008/).
[2017.05.10-05.41.29:463][  0]LogShaderCompilers: Cleaned the shader compiler working directory 'C:/Users/Andres/AppData/Local/Temp/UnrealShaderWorkingDir/E96047A148943C2EC17143AD48C439C4/'.
[2017.05.10-05.41.29:463][  0]LogShaderCompilers:Display: Using Local Shader Compiler.
[2017.05.10-05.41.35:333][  0]LogTemp:Display: Loaded TP AllDesktopTargetPlatform
[2017.05.10-05.41.35:407][  0]LogTemp:Display: Loaded TP MacClientTargetPlatform
[2017.05.10-05.41.35:479][  0]LogTemp:Display: Loaded TP MacNoEditorTargetPlatform
[2017.05.10-05.41.35:551][  0]LogTemp:Display: Loaded TP MacServerTargetPlatform
[2017.05.10-05.41.35:714][  0]LogTemp:Display: Loaded TP MacTargetPlatform
[2017.05.10-05.41.35:791][  0]LogTemp:Display: Loaded TP WindowsClientTargetPlatform
[2017.05.10-05.41.35:870][  0]LogTemp:Display: Loaded TP WindowsNoEditorTargetPlatform
[2017.05.10-05.41.35:959][  0]LogTemp:Display: Loaded TP WindowsServerTargetPlatform
[2017.05.10-05.41.36:030][  0]LogTemp:Display: Loaded TP WindowsTargetPlatform
[2017.05.10-05.41.36:137][  0]LogTemp:Display: Loaded TP AndroidTargetPlatform
[2017.05.10-05.41.36:211][  0]LogTemp:Display: Loaded TP Android_ASTCTargetPlatform
[2017.05.10-05.41.36:288][  0]LogTemp:Display: Loaded TP Android_ATCTargetPlatform
[2017.05.10-05.41.36:363][  0]LogTemp:Display: Loaded TP Android_DXTTargetPlatform
[2017.05.10-05.41.36:438][  0]LogTemp:Display: Loaded TP Android_ETC1TargetPlatform
[2017.05.10-05.41.36:513][  0]LogTemp:Display: Loaded TP Android_ETC2TargetPlatform
[2017.05.10-05.41.36:661][  0]LogTemp:Display: Loaded TP Android_MultiTargetPlatform
[2017.05.10-05.41.36:661][  0]LogTemp:Display: Loaded TP Android_PVRTCTargetPlatform
[2017.05.10-05.41.36:711][  0]LogTemp:Display: Loaded TP HTML5TargetPlatform
[2017.05.10-05.41.36:856][  0]LogTemp:Display: Loaded TP IOSTargetPlatform
[2017.05.10-05.41.36:903][  0]LogTemp:Display: Loaded TP TVOSTargetPlatform
[2017.05.10-05.41.36:977][  0]LogTemp:Display: Loaded TP LinuxClientTargetPlatform
[2017.05.10-05.41.37:047][  0]LogTemp:Display: Loaded TP LinuxNoEditorTargetPlatform
[2017.05.10-05.41.37:121][  0]LogTemp:Display: Loaded TP LinuxServerTargetPlatform
[2017.05.10-05.41.37:212][  0]LogTemp:Display: Loaded TP LinuxTargetPlatform
[2017.05.10-05.41.37:212][  0]LogTargetPlatformManager:Display: Building Assets For Windows
[2017.05.10-05.41.37:811][  0]LogDerivedDataCache:Display: Max Cache Size: 512 MB
[2017.05.10-05.41.38:604][  0]LogDerivedDataCache: Loaded boot cache 0.79s 50MB C:/Users/Andres/AppData/Local/UnrealEngine/4.15/DerivedDataCache/Boot.ddc.
[2017.05.10-05.41.38:604][  0]LogDerivedDataCache:Display: Loaded Boot cache: C:/Users/Andres/AppData/Local/UnrealEngine/4.15/DerivedDataCache/Boot.ddc
[2017.05.10-05.41.38:604][  0]LogDerivedDataCache: FDerivedDataBackendGraph:  Pak pak cache file ../../../../../../Users/Andres/Documents/vj2p/Shopito/DerivedDataCache/DDC.ddp not found, will not use a pak cache.
[2017.05.10-05.41.38:604][  0]LogDerivedDataCache: Unable to find inner node Pak for hierarchical cache Hierarchy.
[2017.05.10-05.41.38:604][  0]LogDerivedDataCache: FDerivedDataBackendGraph:  CompressedPak pak cache file ../../../../../../Users/Andres/Documents/vj2p/Shopito/DerivedDataCache/Compressed.ddp not found, will not use a pak cache.
[2017.05.10-05.41.38:604][  0]LogDerivedDataCache: Unable to find inner node CompressedPak for hierarchical cache Hierarchy.
[2017.05.10-05.41.38:627][  0]LogDerivedDataCache:Display: Pak cache opened for reading ../../../Engine/DerivedDataCache/Compressed.ddp.
[2017.05.10-05.41.38:639][  0]LogDerivedDataCache: Using Local data cache path C:/Users/Andres/AppData/Local/UnrealEngine/Common/DerivedDataCache: Writable
[2017.05.10-05.41.38:650][  0]LogSlate: Using Freetype 2.6.0
[2017.05.10-05.41.38:651][  0]LogSlate: SlateFontCache - WITH_FREETYPE: 1, WITH_HARFBUZZ: 1
[2017.05.10-05.41.38:651][  0]LogSlate: SlateFontCache - WITH_FREETYPE: 1, WITH_HARFBUZZ: 1
[2017.05.10-05.41.38:969][  0]LogInit: Selected Device Profile: [Windows]
[2017.05.10-05.41.38:973][  0]LogContentStreaming: Texture pool size is 0.00 MB
[2017.05.10-05.41.39:268][  0]LogMeshUtilities: Using QuadricMeshReduction for automatic static mesh reduction
[2017.05.10-05.41.39:326][  0]LogSimplygon: Simplygon DLL not present - disabling.
[2017.05.10-05.41.39:393][  0]LogMeshUtilities: Using SimplygonSwarm for distributed automatic mesh merging
[2017.05.10-05.41.39:393][  0]LogMeshUtilities: No automatic skeletal mesh reduction module available
[2017.05.10-05.41.39:393][  0]LogMeshUtilities: No automatic mesh merging module available
[2017.05.10-05.41.40:249][  0]LogNetVersion: GetLocalNetworkVersion: CL: 3299760, ProjectName: shopito, ProjectVersion: , EngineNetworkVersion: 2, GameNetworkVersion: 0, NetworkChecksum: 1322379943
[2017.05.10-05.41.40:304][  0]LogAssetRegistry: FAssetRegistry took 0.0219 seconds to start up
[2017.05.10-05.41.40:372][  0]LogPackageLocalizationCache: Processed 3 localized package path(s) for 2 prioritized culture(s) in 0.038766 seconds
[2017.05.10-05.41.40:381][  0]LogUObjectArray: 32475 objects as part of root set at end of initial load.
[2017.05.10-05.41.40:381][  0]LogUObjectAllocator: 7073360 out of 0 bytes used by permanent object pool.
[2017.05.10-05.41.40:381][  0]LogUObjectArray: CloseDisregardForGC: 0/0 objects in disregard for GC pool
[2017.05.10-05.41.40:470][  0]LogInit: WinSock: version 1.1 (2.2), MaxSocks=32767, MaxUdp=65467
[2017.05.10-05.42.05:353][  0]LogTcpMessaging: Initializing TcpMessaging bridge
[2017.05.10-05.42.05:401][  0]LogUdpMessaging: Initializing bridge on interface 0.0.0.0:0 to multicast group 230.0.0.1:6666.
[2017.05.10-05.42.06:594][  0]LogMaterial: Uniform references updated for custom material expression Custom.
[2017.05.10-05.42.07:120][  0]SourceControl: Información El control de código fuente está desactivado
[2017.05.10-05.42.07:163][  0]SourceControl: Información El control de código fuente está desactivado
[2017.05.10-05.42.07:228][  0]SourceControl: Información El control de código fuente está desactivado
[2017.05.10-05.42.07:286][  0]SourceControl: Información El control de código fuente está desactivado
[2017.05.10-05.42.09:313][  0]LogEngine: Initializing Engine...
[2017.05.10-05.42.09:401][  0]LogHMD: Failed to initialize OpenVR with code 108
[2017.05.10-05.42.09:733][  0]LogAIModule: Creating AISystem for world Untitled
[2017.05.10-05.42.09:752][  0]LogInit: XAudio2 using 'Altavoces (Logitech Wireless Headset)' : 2 channels at 48 kHz using 16 bits per sample (channel mask 0x3)
[2017.05.10-05.42.09:768][  0]LogInit: FAudioDevice initialized.
[2017.05.10-05.42.09:804][  0]LogDerivedDataCache: Saved boot cache 0.04s 50MB C:/Users/Andres/AppData/Local/UnrealEngine/4.15/DerivedDataCache/Boot.ddc.
[2017.05.10-05.42.09:812][  0]LogInit: Texture streaming: Enabled
[2017.05.10-05.42.09:945][  0]LogEngineSessionManager: EngineSessionManager initialized
[2017.05.10-05.42.09:970][  0]LogEngineSessionManager: EngineSessionManager sent abnormal shutdown report. Type=Crashed, SessionId={66BC8271-488D-8BF3-90EE-088D1647926B}
[2017.05.10-05.42.10:097][  0]LogInit: Transaction tracking system initialized
[2017.05.10-05.42.10:564][  0]BlueprintLog: New page: Cargar el editor
[2017.05.10-05.42.11:684][  0]LocalizationService: Información Localization service is disabled
[2017.05.10-05.42.12:700][  0]LogConsoleResponse:Display: 
[2017.05.10-05.42.12:877][  0]LogCook:Display: Max memory allowance for cook 16384mb min free memory 0mb
[2017.05.10-05.42.12:877][  0]LogCook:Display: Mobile HDR setting 1
[2017.05.10-05.42.13:747][  0]LogFileCache: Scanning file cache for directory 'C:/Users/Andres/Documents/vj2p/Shopito/Content/' took 0.02s
[2017.05.10-05.42.14:609][  0]SourceControl: Información El control de código fuente está desactivado
[2017.05.10-05.42.14:609][  0]Cmd: MAP LOAD FILE="../../../../../../Users/Andres/Documents/vj2p/Shopito/Content/StarterContent/Maps/Minimal_Default.umap" TEMPLATE=0 SHOWPROGRESS=1 FEATURELEVEL=3
[2017.05.10-05.42.14:610][  0]LightingResults: New page: Diseñar la iluminación
[2017.05.10-05.42.14:668][  0]MapCheck: New page: Revisión del mapa
[2017.05.10-05.42.14:668][  0]LightingResults: New page: Diseñar la iluminación
[2017.05.10-05.42.15:181][  0]LogAIModule: Creating AISystem for world Minimal_Default
[2017.05.10-05.42.15:189][  0]LogEditorServer: Finished looking for orphan Actors (0.000 secs)
[2017.05.10-05.42.15:190][  0]Cmd: MAP CHECKDEP NOCLEARLOG
[2017.05.10-05.42.15:249][  0]MapCheck: Información Map check complete: 0 Error(s), 0 Warning(s), took 59.378ms to complete.
[2017.05.10-05.42.15:249][  0]LogFileHelpers: Loading map 'Minimal_Default' took 0.640
[2017.05.10-05.42.15:326][  0]LogWindowsTextInputMethodSystem:Display: IME system now deactivated.
[2017.05.10-05.42.15:560][  0]LogCollectionManager: Loaded 0 collections in 0.002639 seconds
[2017.05.10-05.42.15:659][  0]LogFileCache: Scanning file cache for directory 'C:/Users/Andres/Documents/vj2p/Shopito/Saved/Collections/' took 0.01s
[2017.05.10-05.42.15:659][  0]LogFileCache: Scanning file cache for directory 'C:/Users/Andres/Documents/vj2p/Shopito/Content/Developers/Andres/Collections/' took 0.01s
[2017.05.10-05.42.15:659][  0]LogFileCache: Scanning file cache for directory 'C:/Users/Andres/Documents/vj2p/Shopito/Content/Collections/' took 0.01s
[2017.05.10-05.42.15:659][  0]LogCollectionManager: Rebuilt the GUID cache for 0 collections in 0.000002 seconds
[2017.05.10-05.42.15:671][  0]LogContentBrowser: Native class hierarchy populated in 0.0119 seconds. Added 2244 classes and 450 folders.
[2017.05.10-05.42.15:675][  0]LogStats: UGameplayTagsManager::ConstructGameplayTagTree: Construct from data asset -  0.000 s
[2017.05.10-05.42.15:675][  0]LogStats: UGameplayTagsManager::ConstructGameplayTagTree: GameplayTagTreeChangedEvent.Broadcast -  0.000 s
[2017.05.10-05.42.15:758][  0]LogContentBrowser: Native class hierarchy updated for 'WidgetCarousel' in 0.0006 seconds. Added 0 classes and 0 folders.
[2017.05.10-05.42.16:730][  0]LogContentBrowser: Native class hierarchy updated for 'AddContentDialog' in 0.0007 seconds. Added 0 classes and 0 folders.
[2017.05.10-05.42.16:783][  0]LogContentBrowser: Native class hierarchy updated for 'SceneOutliner' in 0.0006 seconds. Added 1 classes and 2 folders.
[2017.05.10-05.42.16:846][  0]LogCrashTracker: Crashtracker disabled due to settings.
[2017.05.10-05.42.16:854][  0]LogUObjectGlobals:Warning: Error al encontrar el objeto 'Class Ninguno.'
[2017.05.10-05.42.16:953][  0]LogContentBrowser: Native class hierarchy updated for 'HierarchicalLODOutliner' in 0.0007 seconds. Added 1 classes and 2 folders.
[2017.05.10-05.42.16:953][  0]LogLoad: (Engine Initialization) Total time: 57.41 seconds
[2017.05.10-05.42.16:953][  0]LogLoad: (Engine Initialization) Total Blueprint compile time: 0.24 seconds
[2017.05.10-05.42.16:953][  0]LogExternalProfiler: Found external profiler: VSPerf
[2017.05.10-05.42.16:953][  0]LogExternalProfiler: Using external profiler: VSPerf
[2017.05.10-05.42.16:974][  0]LogOcInput: OculusInput pre-init called
[2017.05.10-05.42.16:976][  0]LogOcInput: Can't find Oculus library dev build: is proper Runtime installed? Version: 1.10.0
[2017.05.10-05.42.17:000][  0]LogContentStreaming: Texture pool size now 800 MB
[2017.05.10-05.42.17:001][  0]LogSlate: Took 0.000253 seconds to synchronously load lazily loaded font '../../../Engine/Content/Slate/Fonts/Roboto-Regular.ttf' (155K)
[2017.05.10-05.42.17:006][  0]LogSlate: Took 0.000233 seconds to synchronously load lazily loaded font '../../../Engine/Content/Slate/Fonts/Roboto-Bold.ttf' (160K)
[2017.05.10-05.42.17:036][  0]LogSlate: Took 0.021879 seconds to synchronously load lazily loaded font '../../../Engine/Content/Editor/Slate/Fonts/FontAwesome.ttf' (139K)
[2017.05.10-05.42.17:216][  0]LogSlate: Took 0.000351 seconds to synchronously load lazily loaded font '../../../Engine/Content/Slate/Fonts/Roboto-Light.ttf' (159K)
[2017.05.10-05.42.17:296][  0]LogRenderer: Reallocating scene render targets to support 1200x636 NumSamples 1 (Frame:2).
[2017.05.10-05.42.17:421][  2]LogAssetRegistry: Asset discovery search completed in 37.1395 seconds
[2017.05.10-05.42.17:422][  2]LogCollectionManager: Rebuilt the object cache for 0 collections in 0.000006 seconds (found 0 objects)
[2017.05.10-05.42.17:422][  2]LogCollectionManager: Fixed up redirectors for 0 collections in 0.000030 seconds (updated 0 objects)
[2017.05.10-05.52.28:986][900]LogDirectoryWatcher: A directory notification failed for 'C:/Users/Andres/Documents/vj2p/Shopito/Content/Collections/' because it could not be accessed. Aborting watch request...
[2017.05.10-05.52.28:986][900]LogDirectoryWatcher: A directory notification failed for 'C:/Users/Andres/Documents/vj2p/Shopito/Content/Developers/Andres/Collections/' because it could not be accessed. Aborting watch request...
[2017.05.10-05.52.28:986][900]LogDirectoryWatcher: A directory notification failed for 'C:/Users/Andres/Documents/vj2p/Shopito/Saved/Collections/' because it could not be accessed. Aborting watch request...
